<?xml version="1.0" encoding="UTF-8"?>
<!-- Generated by org.testng.reporters.JUnitXMLReporter -->
<testsuite ignored="0" hostname="Viveks-MacBook-Pro.local" failures="1" tests="2" name="Test02" time="40.095" errors="0" timestamp="2022-02-12T22:15:51 IST">
  <testcase classname="ReadExcelData.DataDriven" name="dataMethod" time="20.971">
    <failure type="java.lang.AssertionError" message="Unable to login, invalid credentials expected [true] but found [false]">
      <![CDATA[java.lang.AssertionError: Unable to login, invalid credentials expected [true] but found [false]
at ReadExcelData.DataDriven.dataMethod(DataDriven.java:60)
at java.base/java.util.ArrayList.forEach(ArrayList.java:1511)
at java.base/java.util.concurrent.FutureTask.run(FutureTask.java:264)
at java.base/java.util.concurrent.ThreadPoolExecutor.runWorker(ThreadPoolExecutor.java:1130)
at java.base/java.util.concurrent.ThreadPoolExecutor$Worker.run(ThreadPoolExecutor.java:630)
at java.base/java.lang.Thread.run(Thread.java:831)
... Removed 21 stack frames]]>
    </failure>
  </testcase> <!-- dataMethod -->
  <testcase classname="ReadExcelData.DataDriven" name="dataMethod" time="14.042"/>
</testsuite> <!-- Test02 -->
