<?xml version="1.0" encoding="UTF-8"?>
<testng-results ignored="0" total="2" passed="2" failed="0" skipped="0">
  <reporter-output>
  </reporter-output>
  <suite started-at="2022-08-11T06:24:49 IST" name="Default suite" finished-at="2022-08-11T06:25:06 IST" duration-ms="17563">
    <groups>
    </groups>
    <test started-at="2022-08-11T06:24:49 IST" name="Default test" finished-at="2022-08-11T06:25:06 IST" duration-ms="17563">
      <class name="Test01.VerifyTitle">
        <test-method signature="tester22()[pri:0, instance:Test01.VerifyTitle@5fbdfdcf]" started-at="2022-08-11T06:24:49 IST" name="tester22" finished-at="2022-08-11T06:25:01 IST" duration-ms="12323" status="PASS">
          <reporter-output>
          </reporter-output>
        </test-method> <!-- tester22 -->
        <test-method signature="testerw3()[pri:0, instance:Test01.VerifyTitle@5fbdfdcf]" started-at="2022-08-11T06:25:01 IST" name="testerw3" finished-at="2022-08-11T06:25:06 IST" duration-ms="5091" status="PASS">
          <reporter-output>
          </reporter-output>
        </test-method> <!-- testerw3 -->
      </class> <!-- Test01.VerifyTitle -->
    </test> <!-- Default test -->
  </suite> <!-- Default suite -->
</testng-results>
