<?xml version="1.0" encoding="UTF-8"?>
<testng-results skipped="0" failed="0" ignored="0" total="2" passed="2">
  <reporter-output>
  </reporter-output>
  <suite name="Suite" duration-ms="14418" started-at="2022-08-11T06:34:31 IST" finished-at="2022-08-11T06:34:45 IST">
    <groups>
    </groups>
    <test name="Test" duration-ms="14418" started-at="2022-08-11T06:34:31 IST" finished-at="2022-08-11T06:34:45 IST">
      <class name="Test01.VerifyTitle">
        <test-method status="PASS" signature="tester22()[pri:0, instance:Test01.VerifyTitle@5bb21b69]" name="tester22" duration-ms="8004" started-at="2022-08-11T06:34:31 IST" finished-at="2022-08-11T06:34:39 IST">
          <reporter-output>
          </reporter-output>
        </test-method> <!-- tester22 -->
        <test-method status="PASS" signature="testerw3()[pri:0, instance:Test01.VerifyTitle@5bb21b69]" name="testerw3" duration-ms="6311" started-at="2022-08-11T06:34:39 IST" finished-at="2022-08-11T06:34:45 IST">
          <reporter-output>
          </reporter-output>
        </test-method> <!-- testerw3 -->
      </class> <!-- Test01.VerifyTitle -->
    </test> <!-- Test -->
  </suite> <!-- Suite -->
</testng-results>
